# JRE version: Java(TM) SE Runtime Environment (12.0.1+12) (build 12.0.1+12)
# Java VM: Java HotSpot(TM) 64-Bit Server VM (12.0.1+12, mixed mode, sharing, tiered, compressed oops, g1 gc, bsd-amd64)
Heap:
 garbage-first heap   total 147456K, used 52917K [0x0000000700000000, 0x0000000800000000)
  region size 1024K, 21 young (21504K), 6 survivors (6144K)
 Metaspace       used 39461K, capacity 39942K, committed 40656K, reserved 1085440K
  class space    used 3958K, capacity 4122K, committed 4224K, reserved 1048576K
GC Heap History (10 events):
Event: 20.821 GC heap before
{Heap before GC invocations=39 (full 0):
 garbage-first heap   total 147456K, used 117515K [0x0000000700000000, 0x0000000800000000)
  region size 1024K, 84 young (86016K), 4 survivors (4096K)
 Metaspace       used 38963K, capacity 39366K, committed 39888K, reserved 1085440K
  class space    used 3953K, capacity 4122K, committed 4224K, reserved 1048576K
}
Event: 20.824 GC heap after
{Heap after GC invocations=40 (full 0):
 garbage-first heap   total 147456K, used 34204K [0x0000000700000000, 0x0000000800000000)
  region size 1024K, 2 young (2048K), 2 survivors (2048K)
 Metaspace       used 38963K, capacity 39366K, committed 39888K, reserved 1085440K
  class space    used 3953K, capacity 4122K, committed 4224K, reserved 1048576K
}
Event: 20.917 GC heap before
{Heap before GC invocations=40 (full 0):
 garbage-first heap   total 147456K, used 119196K [0x0000000700000000, 0x0000000800000000)
  region size 1024K, 85 young (87040K), 2 survivors (2048K)
 Metaspace       used 38963K, capacity 39366K, committed 39888K, reserved 1085440K
  class space    used 3953K, capacity 4122K, committed 4224K, reserved 1048576K
}
Event: 20.920 GC heap after
{Heap after GC invocations=41 (full 0):
 garbage-first heap   total 147456K, used 34041K [0x0000000700000000, 0x0000000800000000)
  region size 1024K, 2 young (2048K), 2 survivors (2048K)
 Metaspace       used 38963K, capacity 39366K, committed 39888K, reserved 1085440K
  class space    used 3953K, capacity 4122K, committed 4224K, reserved 1048576K
}
Event: 21.010 GC heap before
{Heap before GC invocations=41 (full 0):
 garbage-first heap   total 147456K, used 120057K [0x0000000700000000, 0x0000000800000000)
  region size 1024K, 86 young (88064K), 2 survivors (2048K)
 Metaspace       used 38963K, capacity 39366K, committed 39888K, reserved 1085440K
  class space    used 3953K, capacity 4122K, committed 4224K, reserved 1048576K
}
Event: 21.013 GC heap after
{Heap after GC invocations=42 (full 0):
 garbage-first heap   total 147456K, used 34019K [0x0000000700000000, 0x0000000800000000)
  region size 1024K, 2 young (2048K), 2 survivors (2048K)
 Metaspace       used 38963K, capacity 39366K, committed 39888K, reserved 1085440K
  class space    used 3953K, capacity 4122K, committed 4224K, reserved 1048576K
}
Event: 25.115 GC heap before
{Heap before GC invocations=42 (full 0):
 garbage-first heap   total 147456K, used 120035K [0x0000000700000000, 0x0000000800000000)
  region size 1024K, 86 young (88064K), 2 survivors (2048K)
 Metaspace       used 39183K, capacity 39622K, committed 40144K, reserved 1085440K
  class space    used 3953K, capacity 4122K, committed 4224K, reserved 1048576K
}
Event: 25.127 GC heap after
{Heap after GC invocations=43 (full 0):
 garbage-first heap   total 147456K, used 38025K [0x0000000700000000, 0x0000000800000000)
  region size 1024K, 6 young (6144K), 6 survivors (6144K)
 Metaspace       used 39183K, capacity 39622K, committed 40144K, reserved 1085440K
  class space    used 3953K, capacity 4122K, committed 4224K, reserved 1048576K
}
Event: 29.568 GC heap before
{Heap before GC invocations=43 (full 0):
 garbage-first heap   total 147456K, used 119945K [0x0000000700000000, 0x0000000800000000)
  region size 1024K, 86 young (88064K), 6 survivors (6144K)
 Metaspace       used 39277K, capacity 39686K, committed 40400K, reserved 1085440K
  class space    used 3953K, capacity 4122K, committed 4224K, reserved 1048576K
}
Event: 29.581 GC heap after
{Heap after GC invocations=44 (full 0):
 garbage-first heap   total 147456K, used 38581K [0x0000000700000000, 0x0000000800000000)
  region size 1024K, 6 young (6144K), 6 survivors (6144K)
 Metaspace       used 39277K, capacity 39686K, committed 40400K, reserved 1085440K
  class space    used 3953K, capacity 4122K, committed 4224K, reserved 1048576K
}

